  CUActionTimeline.cpp
  CUAnimateSprite.cpp
  CUEasingBezier.cpp
  CUEasingFunction.cpp
  CUAssetManager.cpp
  CUJsonLoader.cpp
  CUJsonValue.cpp
  CUWidgetLoader.cpp
  CUWidgetValue.cpp
  CUApplication.cpp
  CUScene.cpp
  CUAccelerometer.cpp
  CUGamepad.cpp
  CUInput.cpp
  CUKeyboard.cpp
  CUMouse.cpp
  CUTextInput.cpp
  CUTouchscreen.cpp
  CUCoreGesture.cpp
  CUGestureRecognizer.cpp
  Compiling...
  CUPanGesture.cpp
  CUPinchGesture.cpp
  CUSpinGesture.cpp
  CUBinaryReader.cpp
  CUBinaryWriter.cpp
  CUJsonReader.cpp
  CUJsonWriter.cpp
  CUTextReader.cpp
  CUTextWriter.cpp
  CUAffine2.cpp
  CUCamera.cpp
  CUColor4.cpp
  CUFrustum.cpp
  CUIVec2.cpp
  CUIVec3.cpp
  CUIVec4.cpp
  CUMat4.cpp
  CUMathBase.cpp
  CUOrthographicCamera.cpp
  CUPath2.cpp
  Compiling...
  CUPerspectiveCamera.cpp
  CUPlane.cpp
  CUPoly2.cpp
  CUPolynomial.cpp
  CUQuaternion.cpp
  CURay.cpp
  CURect.cpp
  CUSize.cpp
  CUSpinor.cpp
  CUSpline2.cpp
  CUVec2.cpp
  CUVec3.cpp
  CUVec4.cpp
  clipper.cpp
C:\Users\Public\Dev\cugl\source\core\math\polygon\clipper.cpp(3791,1): warning C4819: The file contains a character that cannot be represented in the current code page (936). Save the file in Unicode format to prevent data loss
  CUComplexExtruder.cpp
  CUDelaunayTriangulator.cpp
  CUEarclipTriangulator.cpp
  CUPathFactory.cpp
  CUPathSmoother.cpp
  CUPolyFactory.cpp
  Compiling...
  CUSimpleExtruder.cpp
  CUSplinePather.cpp
  CUFiletools.cpp
  CUHashtools.cpp
  CULogger.cpp
  CURandom.cpp
  CUStringTools.cpp
  CUThreadPool.cpp
  CUJSON.c
  cugl-core.vcxproj -> C:\Users\Public\Dev\Nap-Cat-Studios\build\windows\x86\Release\cugl-core.lib
