  CUAudioDecoder.cpp
  CUAudioDevices.cpp
  CUAudioEngine.cpp
  CUAudioQueue.cpp
  CUAudioSample.cpp
  CUAudioTypes.cpp
  CUAudioWaveform.cpp
  CUSound.cpp
  CUSoundLoader.cpp
  CUAlgorithmicReverb.cpp
  CUAudioFader.cpp
  CUAudioInput.cpp
  CUAudioMixer.cpp
  CUAudioNode.cpp
  CUAudioOutput.cpp
  CUAudioPanner.cpp
  CUAudioPlayer.cpp
  CUAudioRedistributor.cpp
  CUAudioResampler.cpp
  CUAudioScheduler.cpp
  Compiling...
  CUAudioSpinner.cpp
  CUAudioSynchronizer.cpp
  cugl-audio.vcxproj -> C:\Users\Public\Dev\Nap-Cat-Studios\build\windows\x86\Release\cugl-audio.lib
