  bitmath.c
  bitreader.c
  bitwriter.c
  cpu.c
  crc.c
  fixed.c
  fixed_intrin_avx2.c
  fixed_intrin_sse2.c
  fixed_intrin_sse42.c
  fixed_intrin_ssse3.c
  float.c
  format.c
  lpc_intrin_avx2.c
  lpc_intrin_fma.c
  lpc_intrin_neon.c
  lpc_intrin_sse2.c
  lpc_intrin_sse41.c
  md5.c
  memory.c
  metadata_iterators.c
  Compiling...
  metadata_object.c
  ogg_decoder_aspect.c
  ogg_encoder_aspect.c
  ogg_helper.c
  ogg_mapping.c
  stream_decoder.c
  stream_encoder.c
  stream_encoder_framing.c
  stream_encoder_intrin_avx2.c
  stream_encoder_intrin_sse2.c
  stream_encoder_intrin_ssse3.c
  win_utf8_io.c
  kfc.c
  kiss_fft.c
  kiss_fftnd.c
  kiss_fftndr.c
  kiss_fftr.c
  bitwise.c
  framing.c
  analysis.c
  Compiling...
  bitrate.c
  block.c
  codebook.c
  envelope.c
  floor0.c
  floor1.c
  info.c
  lookup.c
  lsp.c
  mapping0.c
  mdct.c
  psy.c
  registry.c
  res0.c
  sharedbook.c
  smallft.c
  synthesis.c
  vorbisenc.c
  vorbisfile.c
  ATK_AlgoReverb.c
  Compiling...
  ATK_AudioCVT.c
  ATK_LatencyAdapter.c
  ATK_Codec.c
  ATK_CodecFLAC.c
  ATK_CodecMP3.c
  ATK_CodecVorbis.c
  ATK_CodecWAV.c
  ATK_DSPConvolve.c
  ATK_DSPFilter.c
  ATK_DSPTransform.c
  ATK_DSPWaveform.c
  ATK_file.c
  ATK_MathComplex.c
  ATK_MathPoly.c
  ATK_MathVec.c
  ATK_Rand.c
  lpc.c
  window.c
  lpc.c
  window.c
  sdl3atk.vcxproj -> C:\Users\Public\Dev\Nap-Cat-Studios\build\windows\x86\Release\sdl3atk.lib
