  autofit.c
C:\Users\Public\Dev\cugl\sdlapp\external\harfbuzz\src\hb-style.h(1,1): warning C4819: The file contains a character that cannot be represented in the current code page (936). Save the file in Unicode format to prevent data loss
  (compiling source file '../../../external/freetype/src/autofit/autofit.c')
  
C:\Users\Public\Dev\cugl\sdlapp\external\freetype\src\autofit\afblue.c(1,1): warning C4819: The file contains a character that cannot be represented in the current code page (936). Save the file in Unicode format to prevent data loss
  (compiling source file '../../../external/freetype/src/autofit/autofit.c')
  
C:\Users\Public\Dev\cugl\sdlapp\external\freetype\src\autofit\afscript.h(1,1): warning C4819: The file contains a character that cannot be represented in the current code page (936). Save the file in Unicode format to prevent data loss
  (compiling source file '../../../external/freetype/src/autofit/autofit.c')
  
C:\Users\Public\Dev\cugl\sdlapp\external\freetype\src\autofit\afblue.c(257,1): warning C4819: The file contains a character that cannot be represented in the current code page (936). Save the file in Unicode format to prevent data loss
  (compiling source file '../../../external/freetype/src/autofit/autofit.c')
  
C:\Users\Public\Dev\cugl\sdlapp\external\freetype\src\autofit\afscript.h(1,1): warning C4819: The file contains a character that cannot be represented in the current code page (936). Save the file in Unicode format to prevent data loss
  (compiling source file '../../../external/freetype/src/autofit/autofit.c')
  
C:\Users\Public\Dev\cugl\sdlapp\external\freetype\src\autofit\afscript.h(1,1): warning C4819: The file contains a character that cannot be represented in the current code page (936). Save the file in Unicode format to prevent data loss
  (compiling source file '../../../external/freetype/src/autofit/autofit.c')
  
C:\Users\Public\Dev\cugl\sdlapp\external\freetype\src\autofit\afscript.h(1,1): warning C4819: The file contains a character that cannot be represented in the current code page (936). Save the file in Unicode format to prevent data loss
  (compiling source file '../../../external/freetype/src/autofit/autofit.c')
  
C:\Users\Public\Dev\cugl\sdlapp\external\freetype\src\autofit\afscript.h(1,1): warning C4819: The file contains a character that cannot be represented in the current code page (936). Save the file in Unicode format to prevent data loss
  (compiling source file '../../../external/freetype/src/autofit/autofit.c')
  
C:\Users\Public\Dev\cugl\sdlapp\external\freetype\src\autofit\afscript.h(1,1): warning C4819: The file contains a character that cannot be represented in the current code page (936). Save the file in Unicode format to prevent data loss
  (compiling source file '../../../external/freetype/src/autofit/autofit.c')
  
C:\Users\Public\Dev\cugl\sdlapp\external\freetype\src\autofit\afscript.h(1,1): warning C4819: The file contains a character that cannot be represented in the current code page (936). Save the file in Unicode format to prevent data loss
  (compiling source file '../../../external/freetype/src/autofit/autofit.c')
  
  ftbase.c
  ftbbox.c
  ftbdf.c
  ftbitmap.c
  ftcid.c
  ftdebug.c
  ftfstype.c
  ftgasp.c
  ftglyph.c
  ftgxval.c
  ftinit.c
  ftmm.c
  ftotval.c
  ftpatent.c
  ftpfr.c
  ftstroke.c
  ftsynth.c
  ftsystem.c
  fttype1.c
  Generating Code...
  Compiling...
  ftwinfnt.c
  bdf.c
  ftcache.c
  cff.c
  type1cid.c
  ftgzip.c
  ftlzw.c
  pcf.c
  pfr.c
  psaux.c
  pshinter.c
  psmodule.c
  raster.c
  sdf.c
  sfnt.c
C:\Users\Public\Dev\cugl\sdlapp\external\freetype\src\sfnt\ttload.c(1,1): warning C4819: The file contains a character that cannot be represented in the current code page (936). Save the file in Unicode format to prevent data loss
  (compiling source file '../../../external/freetype/src/sfnt/sfnt.c')
  
  svg.c
  smooth.c
  truetype.c
C:\Users\Public\Dev\cugl\sdlapp\external\freetype\src\truetype\ttobjs.c(999,1): warning C4819: The file contains a character that cannot be represented in the current code page (936). Save the file in Unicode format to prevent data loss
  (compiling source file '../../../external/freetype/src/truetype/truetype.c')
  
  type1.c
  type42.c
  Generating Code...
  Compiling...
  winfnt.c
  plutovg-blend.c
  plutovg-canvas.c
  plutovg-font.c
  plutovg-ft-math.c
  plutovg-ft-raster.c
  plutovg-ft-stroker.c
  plutovg-matrix.c
  plutovg-paint.c
  plutovg-path.c
  plutovg-rasterize.c
  plutovg-surface.c
  plutosvg.c
  SDL_gpu_textengine.c
  SDL_hashtable.c
  SDL_hashtable_ttf.c
  SDL_renderer_textengine.c
  SDL_surface_textengine.c
  SDL_ttf.c
C:\Users\Public\Dev\cugl\sdlapp\external\harfbuzz\src\hb-style.h(1,1): warning C4819: The file contains a character that cannot be represented in the current code page (936). Save the file in Unicode format to prevent data loss
  (compiling source file '../../../src/ttf/SDL_ttf.c')
  
  Generating Code...
  harfbuzz.cc
C:\Users\Public\Dev\cugl\sdlapp\external\harfbuzz\src\hb.hh(1,1): warning C4819: The file contains a character that cannot be represented in the current code page (936). Save the file in Unicode format to prevent data loss
  (compiling source file '../../../external/harfbuzz/src/harfbuzz.cc')
  
C:\Users\Public\Dev\cugl\sdlapp\external\harfbuzz\src\hb.hh(1,1): warning C4819: The file contains a character that cannot be represented in the current code page (936). Save the file in Unicode format to prevent data loss
  (compiling source file '../../../external/harfbuzz/src/harfbuzz.cc')
  
C:\Users\Public\Dev\cugl\sdlapp\external\harfbuzz\src\hb-style.h(1,1): warning C4819: The file contains a character that cannot be represented in the current code page (936). Save the file in Unicode format to prevent data loss
  (compiling source file '../../../external/harfbuzz/src/harfbuzz.cc')
  
C:\Users\Public\Dev\cugl\sdlapp\external\harfbuzz\src\hb.hh(1,1): warning C4819: The file contains a character that cannot be represented in the current code page (936). Save the file in Unicode format to prevent data loss
  (compiling source file '../../../external/harfbuzz/src/harfbuzz.cc')
  
C:\Users\Public\Dev\cugl\sdlapp\external\harfbuzz\src\hb.hh(1,1): warning C4819: The file contains a character that cannot be represented in the current code page (936). Save the file in Unicode format to prevent data loss
  (compiling source file '../../../external/harfbuzz/src/harfbuzz.cc')
  
C:\Users\Public\Dev\cugl\sdlapp\external\harfbuzz\src\hb.hh(1,1): warning C4819: The file contains a character that cannot be represented in the current code page (936). Save the file in Unicode format to prevent data loss
  (compiling source file '../../../external/harfbuzz/src/harfbuzz.cc')
  
C:\Users\Public\Dev\cugl\sdlapp\external\harfbuzz\src\hb.hh(1,1): warning C4819: The file contains a character that cannot be represented in the current code page (936). Save the file in Unicode format to prevent data loss
  (compiling source file '../../../external/harfbuzz/src/harfbuzz.cc')
  
C:\Users\Public\Dev\cugl\sdlapp\external\harfbuzz\src\hb-algs.hh(1,1): warning C4819: The file contains a character that cannot be represented in the current code page (936). Save the file in Unicode format to prevent data loss
  (compiling source file '../../../external/harfbuzz/src/harfbuzz.cc')
  
C:\Users\Public\Dev\cugl\sdlapp\external\harfbuzz\src\hb.hh(1,1): warning C4819: The file contains a character that cannot be represented in the current code page (936). Save the file in Unicode format to prevent data loss
  (compiling source file '../../../external/harfbuzz/src/harfbuzz.cc')
  
C:\Users\Public\Dev\cugl\sdlapp\external\harfbuzz\src\hb.hh(1,1): warning C4819: The file contains a character that cannot be represented in the current code page (936). Save the file in Unicode format to prevent data loss
  (compiling source file '../../../external/harfbuzz/src/harfbuzz.cc')
  
C:\Users\Public\Dev\cugl\sdlapp\external\harfbuzz\src\hb.hh(1,1): warning C4819: The file contains a character that cannot be represented in the current code page (936). Save the file in Unicode format to prevent data loss
  (compiling source file '../../../external/harfbuzz/src/harfbuzz.cc')
  
C:\Users\Public\Dev\cugl\sdlapp\external\harfbuzz\src\hb.hh(1,1): warning C4819: The file contains a character that cannot be represented in the current code page (936). Save the file in Unicode format to prevent data loss
  (compiling source file '../../../external/harfbuzz/src/harfbuzz.cc')
  
C:\Users\Public\Dev\cugl\sdlapp\external\harfbuzz\src\hb.hh(1,1): warning C4819: The file contains a character that cannot be represented in the current code page (936). Save the file in Unicode format to prevent data loss
  (compiling source file '../../../external/harfbuzz/src/harfbuzz.cc')
  
C:\Users\Public\Dev\cugl\sdlapp\external\harfbuzz\src\hb.hh(1,1): warning C4819: The file contains a character that cannot be represented in the current code page (936). Save the file in Unicode format to prevent data loss
  (compiling source file '../../../external/harfbuzz/src/harfbuzz.cc')
  
C:\Users\Public\Dev\cugl\sdlapp\external\harfbuzz\src\hb-ot-layout-common.hh(1,1): warning C4819: The file contains a character that cannot be represented in the current code page (936). Save the file in Unicode format to prevent data loss
  (compiling source file '../../../external/harfbuzz/src/harfbuzz.cc')
  
C:\Users\Public\Dev\cugl\sdlapp\external\harfbuzz\src\hb-ot-var-common.hh(1,1): warning C4819: The file contains a character that cannot be represented in the current code page (936). Save the file in Unicode format to prevent data loss
  (compiling source file '../../../external/harfbuzz/src/harfbuzz.cc')
  
C:\Users\Public\Dev\cugl\sdlapp\external\harfbuzz\src\hb-common.cc(1,1): warning C4819: The file contains a character that cannot be represented in the current code page (936). Save the file in Unicode format to prevent data loss
  (compiling source file '../../../external/harfbuzz/src/harfbuzz.cc')
  
C:\Users\Public\Dev\cugl\sdlapp\external\harfbuzz\src\hb-ot-var-mvar-table.hh(1,1): warning C4819: The file contains a character that cannot be represented in the current code page (936). Save the file in Unicode format to prevent data loss
  (compiling source file '../../../external/harfbuzz/src/harfbuzz.cc')
  
C:\Users\Public\Dev\cugl\sdlapp\external\harfbuzz\src\hb-ot-head-table.hh(1,1): warning C4819: The file contains a character that cannot be represented in the current code page (936). Save the file in Unicode format to prevent data loss
  (compiling source file '../../../external/harfbuzz/src/harfbuzz.cc')
  
C:\Users\Public\Dev\cugl\sdlapp\external\harfbuzz\src\hb-ot-var-fvar-table.hh(1,1): warning C4819: The file contains a character that cannot be represented in the current code page (936). Save the file in Unicode format to prevent data loss
  (compiling source file '../../../external/harfbuzz/src/harfbuzz.cc')
  
C:\Users\Public\Dev\cugl\sdlapp\external\harfbuzz\src\OT\Color\sbix\sbix.hh(1,1): warning C4819: The file contains a character that cannot be represented in the current code page (936). Save the file in Unicode format to prevent data loss
  (compiling source file '../../../external/harfbuzz/src/harfbuzz.cc')
  
C:\Users\Public\Dev\cugl\sdlapp\external\harfbuzz\src\hb-ot-meta-table.hh(1,1): warning C4819: The file contains a character that cannot be represented in the current code page (936). Save the file in Unicode format to prevent data loss
  (compiling source file '../../../external/harfbuzz/src/harfbuzz.cc')
  
C:\Users\Public\Dev\cugl\sdlapp\external\harfbuzz\src\hb-ot-stat-table.hh(1,1): warning C4819: The file contains a character that cannot be represented in the current code page (936). Save the file in Unicode format to prevent data loss
  (compiling source file '../../../external/harfbuzz/src/harfbuzz.cc')
  
C:\Users\Public\Dev\cugl\sdlapp\external\harfbuzz\src\hb-ot-layout-base-table.hh(1,1): warning C4819: The file contains a character that cannot be represented in the current code page (936). Save the file in Unicode format to prevent data loss
  (compiling source file '../../../external/harfbuzz/src/harfbuzz.cc')
  
C:\Users\Public\Dev\cugl\sdlapp\external\harfbuzz\src\hb-ot-layout.cc(814,1): warning C4819: The file contains a character that cannot be represented in the current code page (936). Save the file in Unicode format to prevent data loss
  (compiling source file '../../../external/harfbuzz/src/harfbuzz.cc')
  
C:\Users\Public\Dev\cugl\sdlapp\external\harfbuzz\src\hb-ot-layout.cc(1717,1): warning C4819: The file contains a character that cannot be represented in the current code page (936). Save the file in Unicode format to prevent data loss
  (compiling source file '../../../external/harfbuzz/src/harfbuzz.cc')
  
C:\Users\Public\Dev\cugl\sdlapp\external\harfbuzz\src\hb-ot-math.cc(1,1): warning C4819: The file contains a character that cannot be represented in the current code page (936). Save the file in Unicode format to prevent data loss
  (compiling source file '../../../external/harfbuzz/src/harfbuzz.cc')
  
C:\Users\Public\Dev\cugl\sdlapp\external\harfbuzz\src\hb-ot-shaper-indic.cc(847,1): warning C4819: The file contains a character that cannot be represented in the current code page (936). Save the file in Unicode format to prevent data loss
  (compiling source file '../../../external/harfbuzz/src/harfbuzz.cc')
  
C:\Users\Public\Dev\cugl\sdlapp\external\harfbuzz\src\hb-ot-shaper-thai.cc(1,1): warning C4819: The file contains a character that cannot be represented in the current code page (936). Save the file in Unicode format to prevent data loss
  (compiling source file '../../../external/harfbuzz/src/harfbuzz.cc')
  
C:\Users\Public\Dev\cugl\sdlapp\external\harfbuzz\src\hb-ot-tag-table.hh(379,1): warning C4819: The file contains a character that cannot be represented in the current code page (936). Save the file in Unicode format to prevent data loss
  (compiling source file '../../../external/harfbuzz/src/harfbuzz.cc')
  
C:\Users\Public\Dev\cugl\sdlapp\external\harfbuzz\src\hb-ot-tag-table.hh(1086,1): warning C4819: The file contains a character that cannot be represented in the current code page (936). Save the file in Unicode format to prevent data loss
  (compiling source file '../../../external/harfbuzz/src/harfbuzz.cc')
  
  sdl3ttf.vcxproj -> C:\Users\Public\Dev\Nap-Cat-Studios\build\windows\x86\Release\sdl3ttf.lib
