  CUFont.cpp
  CUGradient.cpp
  CUGraphicsBase.cpp
  CUMeshExtruder.cpp
  CUParticleSystem.cpp
  CUScissor.cpp
  CUShaderSource.cpp
  CUSpriteMesh.cpp
  CUSpriteSheet.cpp
  CUSpriteVertex.cpp
  CUTextLayout.cpp
  CUFontLoader.cpp
  CUGradientLoader.cpp
  CUParticleLoader.cpp
  CUSpriteMeshLoader.cpp
  CUTextureLoader.cpp
  CUComputeShader.cpp
  CUDisplay.cpp
  CUFrameBuffer.cpp
  CUGLOpaques.cpp
  Compiling...
  CUGraphicsShader.cpp
  CUImage.cpp
  CUImageArray.cpp
  CUIndexBuffer.cpp
  CUParticleShader.cpp
  CURenderPass.cpp
  CUSampler.cpp
  CUSpriteBatch.cpp
  CUStorageBuffer.cpp
  CUTexture.cpp
  CUTextureArray.cpp
  CUTextureRenderer.cpp
  CUUniformBuffer.cpp
  CUVertexBuffer.cpp
  cugl-graphics-opengl.vcxproj -> C:\Users\Public\Dev\Nap-Cat-Studios\build\windows\x86\Release\cugl-graphics-opengl.lib
