  CUButton.cpp
  CUButtonGroup.cpp
  CULabel.cpp
  CULoadingScene.cpp
  CUMeshNode.cpp
  CUNinePatch.cpp
  CUOrderedNode.cpp
  CUPathNode.cpp
  CUPolygonNode.cpp
  CUProgressBar.cpp
  CUScene2.cpp
  CUScene2Loader.cpp
  CUSceneNode2.cpp
  CUScrollPane.cpp
  CUSlider.cpp
  CUSpriteNode.cpp
  CUTextField.cpp
  CUTexturedNode.cpp
  CUTransformAction2.cpp
  CUWireNode.cpp
  Compiling...
  CUAnchoredLayout.cpp
  CUFigmaLayout.cpp
  CUFloatLayout.cpp
  CUGridLayout.cpp
  CULayout.cpp
  cugl-scene2.vcxproj -> C:\Users\Public\Dev\Nap-Cat-Studios\build\windows\x86\Release\cugl-scene2.lib
